2015-08-10 13:14:41,734 [Worker-10] INFO  o.e.m.c.i.e.AbstractTransferListenerAdapter - Downloading http://repo.maven.apache.org/maven2/org/springframework/boot/spring-boot-starter-parent/1.2.5.RELEASE/spring-boot-starter-parent-1.2.5.RELEASE.pom
2015-08-10 13:14:41,815 [Worker-10] INFO  o.e.m.c.i.e.AbstractTransferListenerAdapter - Downloaded http://repo.maven.apache.org/maven2/org/springframework/boot/spring-boot-starter-parent/1.2.5.RELEASE/spring-boot-starter-parent-1.2.5.RELEASE.pom
2015-08-10 13:14:41,872 [Worker-10] INFO  o.e.m.c.i.e.AbstractTransferListenerAdapter - Downloading http://repo.maven.apache.org/maven2/org/springframework/boot/spring-boot-dependencies/1.2.5.RELEASE/spring-boot-dependencies-1.2.5.RELEASE.pom
2015-08-10 13:14:42,006 [Worker-10] INFO  o.e.m.c.i.e.AbstractTransferListenerAdapter - Downloaded http://repo.maven.apache.org/maven2/org/springframework/boot/spring-boot-dependencies/1.2.5.RELEASE/spring-boot-dependencies-1.2.5.RELEASE.pom
2015-08-10 13:14:42,127 [Worker-10] INFO  o.e.m.c.i.e.AbstractTransferListenerAdapter - Downloading http://repo.maven.apache.org/maven2/org/springframework/spring-framework-bom/4.1.7.RELEASE/spring-framework-bom-4.1.7.RELEASE.pom
2015-08-10 13:14:42,194 [Worker-10] INFO  o.e.m.c.i.e.AbstractTransferListenerAdapter - Downloaded http://repo.maven.apache.org/maven2/org/springframework/spring-framework-bom/4.1.7.RELEASE/spring-framework-bom-4.1.7.RELEASE.pom
2015-08-10 13:14:42,246 [Worker-10] INFO  o.e.m.c.i.e.AbstractTransferListenerAdapter - Downloading http://repo.maven.apache.org/maven2/org/springframework/data/spring-data-releasetrain/Evans-SR3/spring-data-releasetrain-Evans-SR3.pom
2015-08-10 13:14:42,315 [Worker-10] INFO  o.e.m.c.i.e.AbstractTransferListenerAdapter - Downloaded http://repo.maven.apache.org/maven2/org/springframework/data/spring-data-releasetrain/Evans-SR3/spring-data-releasetrain-Evans-SR3.pom
2015-08-10 13:14:42,361 [Worker-10] INFO  o.e.m.c.i.e.AbstractTransferListenerAdapter - Downloading http://repo.maven.apache.org/maven2/org/springframework/data/build/spring-data-build/1.5.3.RELEASE/spring-data-build-1.5.3.RELEASE.pom
2015-08-10 13:14:42,438 [Worker-10] INFO  o.e.m.c.i.e.AbstractTransferListenerAdapter - Downloaded http://repo.maven.apache.org/maven2/org/springframework/data/build/spring-data-build/1.5.3.RELEASE/spring-data-build-1.5.3.RELEASE.pom
2015-08-10 13:14:42,488 [Worker-10] INFO  o.e.m.c.i.e.AbstractTransferListenerAdapter - Downloading http://repo.maven.apache.org/maven2/org/springframework/integration/spring-integration-bom/4.1.5.RELEASE/spring-integration-bom-4.1.5.RELEASE.pom
2015-08-10 13:14:42,555 [Worker-10] INFO  o.e.m.c.i.e.AbstractTransferListenerAdapter - Downloaded http://repo.maven.apache.org/maven2/org/springframework/integration/spring-integration-bom/4.1.5.RELEASE/spring-integration-bom-4.1.5.RELEASE.pom
2015-08-10 13:14:42,955 [Worker-10] INFO  o.e.m.c.i.e.AbstractTransferListenerAdapter - Downloading http://repo.maven.apache.org/maven2/org/springframework/boot/spring-boot-maven-plugin/1.2.5.RELEASE/spring-boot-maven-plugin-1.2.5.RELEASE.pom
2015-08-10 13:14:43,024 [Worker-10] INFO  o.e.m.c.i.e.AbstractTransferListenerAdapter - Downloaded http://repo.maven.apache.org/maven2/org/springframework/boot/spring-boot-maven-plugin/1.2.5.RELEASE/spring-boot-maven-plugin-1.2.5.RELEASE.pom
2015-08-10 13:14:43,076 [Worker-10] INFO  o.e.m.c.i.e.AbstractTransferListenerAdapter - Downloading http://repo.maven.apache.org/maven2/org/springframework/boot/spring-boot-tools/1.2.5.RELEASE/spring-boot-tools-1.2.5.RELEASE.pom
2015-08-10 13:14:43,142 [Worker-10] INFO  o.e.m.c.i.e.AbstractTransferListenerAdapter - Downloaded http://repo.maven.apache.org/maven2/org/springframework/boot/spring-boot-tools/1.2.5.RELEASE/spring-boot-tools-1.2.5.RELEASE.pom
2015-08-10 13:14:43,185 [Worker-10] INFO  o.e.m.c.i.e.AbstractTransferListenerAdapter - Downloading http://repo.maven.apache.org/maven2/org/springframework/boot/spring-boot-parent/1.2.5.RELEASE/spring-boot-parent-1.2.5.RELEASE.pom
2015-08-10 13:14:43,254 [Worker-10] INFO  o.e.m.c.i.e.AbstractTransferListenerAdapter - Downloaded http://repo.maven.apache.org/maven2/org/springframework/boot/spring-boot-parent/1.2.5.RELEASE/spring-boot-parent-1.2.5.RELEASE.pom
2015-08-10 13:14:43,361 [Worker-10] INFO  o.e.m.c.i.e.AbstractTransferListenerAdapter - Downloading http://repo.maven.apache.org/maven2/org/springframework/boot/spring-boot-maven-plugin/1.2.5.RELEASE/spring-boot-maven-plugin-1.2.5.RELEASE.jar
2015-08-10 13:14:43,463 [Worker-10] INFO  o.e.m.c.i.e.AbstractTransferListenerAdapter - Downloaded http://repo.maven.apache.org/maven2/org/springframework/boot/spring-boot-maven-plugin/1.2.5.RELEASE/spring-boot-maven-plugin-1.2.5.RELEASE.jar
2015-08-10 13:14:44,510 [Worker-10] INFO  o.e.m.c.i.l.LifecycleMappingFactory - Using org.eclipse.m2e.jdt.JarLifecycleMapping lifecycle mapping for MavenProject: com.metawired:tictactoe:0.0.1-SNAPSHOT @ /home/wtrocki/Desktop/Task/AndroidSandbox/server/TicTacToe/pom.xml.
2015-08-10 13:14:44,570 [Worker-10] INFO  o.e.m.c.i.e.AbstractTransferListenerAdapter - Downloading http://repo.maven.apache.org/maven2/org/springframework/boot/spring-boot-starter-web/1.2.5.RELEASE/spring-boot-starter-web-1.2.5.RELEASE.pom
2015-08-10 13:14:44,637 [Worker-10] INFO  o.e.m.c.i.e.AbstractTransferListenerAdapter - Downloaded http://repo.maven.apache.org/maven2/org/springframework/boot/spring-boot-starter-web/1.2.5.RELEASE/spring-boot-starter-web-1.2.5.RELEASE.pom
2015-08-10 13:14:44,680 [Worker-10] INFO  o.e.m.c.i.e.AbstractTransferListenerAdapter - Downloading http://repo.maven.apache.org/maven2/org/springframework/boot/spring-boot-starters/1.2.5.RELEASE/spring-boot-starters-1.2.5.RELEASE.pom
2015-08-10 13:14:44,746 [Worker-10] INFO  o.e.m.c.i.e.AbstractTransferListenerAdapter - Downloaded http://repo.maven.apache.org/maven2/org/springframework/boot/spring-boot-starters/1.2.5.RELEASE/spring-boot-starters-1.2.5.RELEASE.pom
2015-08-10 13:14:44,807 [Worker-10] INFO  o.e.m.c.i.e.AbstractTransferListenerAdapter - Downloading http://repo.maven.apache.org/maven2/org/springframework/boot/spring-boot-starter/1.2.5.RELEASE/spring-boot-starter-1.2.5.RELEASE.pom
2015-08-10 13:14:44,874 [Worker-10] INFO  o.e.m.c.i.e.AbstractTransferListenerAdapter - Downloaded http://repo.maven.apache.org/maven2/org/springframework/boot/spring-boot-starter/1.2.5.RELEASE/spring-boot-starter-1.2.5.RELEASE.pom
2015-08-10 13:14:44,926 [Worker-10] INFO  o.e.m.c.i.e.AbstractTransferListenerAdapter - Downloading http://repo.maven.apache.org/maven2/org/springframework/boot/spring-boot/1.2.5.RELEASE/spring-boot-1.2.5.RELEASE.pom
2015-08-10 13:14:44,998 [Worker-10] INFO  o.e.m.c.i.e.AbstractTransferListenerAdapter - Downloaded http://repo.maven.apache.org/maven2/org/springframework/boot/spring-boot/1.2.5.RELEASE/spring-boot-1.2.5.RELEASE.pom
2015-08-10 13:14:45,051 [Worker-10] INFO  o.e.m.c.i.e.AbstractTransferListenerAdapter - Downloading http://repo.maven.apache.org/maven2/org/springframework/spring-core/4.1.7.RELEASE/spring-core-4.1.7.RELEASE.pom
2015-08-10 13:14:45,118 [Worker-10] INFO  o.e.m.c.i.e.AbstractTransferListenerAdapter - Downloaded http://repo.maven.apache.org/maven2/org/springframework/spring-core/4.1.7.RELEASE/spring-core-4.1.7.RELEASE.pom
2015-08-10 13:14:45,161 [Worker-10] INFO  o.e.m.c.i.e.AbstractTransferListenerAdapter - Downloading http://repo.maven.apache.org/maven2/org/springframework/spring-context/4.1.7.RELEASE/spring-context-4.1.7.RELEASE.pom
2015-08-10 13:14:45,274 [Worker-10] INFO  o.e.m.c.i.e.AbstractTransferListenerAdapter - Downloaded http://repo.maven.apache.org/maven2/org/springframework/spring-context/4.1.7.RELEASE/spring-context-4.1.7.RELEASE.pom
2015-08-10 13:14:45,490 [Worker-10] INFO  o.e.m.c.i.e.AbstractTransferListenerAdapter - Downloading http://repo.maven.apache.org/maven2/org/springframework/spring-aop/4.1.7.RELEASE/spring-aop-4.1.7.RELEASE.pom
2015-08-10 13:14:45,621 [Worker-10] INFO  o.e.m.c.i.e.AbstractTransferListenerAdapter - Downloaded http://repo.maven.apache.org/maven2/org/springframework/spring-aop/4.1.7.RELEASE/spring-aop-4.1.7.RELEASE.pom
2015-08-10 13:14:45,699 [Worker-10] INFO  o.e.m.c.i.e.AbstractTransferListenerAdapter - Downloading http://repo.maven.apache.org/maven2/org/springframework/spring-beans/4.1.7.RELEASE/spring-beans-4.1.7.RELEASE.pom
2015-08-10 13:14:45,822 [Worker-10] INFO  o.e.m.c.i.e.AbstractTransferListenerAdapter - Downloaded http://repo.maven.apache.org/maven2/org/springframework/spring-beans/4.1.7.RELEASE/spring-beans-4.1.7.RELEASE.pom
2015-08-10 13:14:45,894 [Worker-10] INFO  o.e.m.c.i.e.AbstractTransferListenerAdapter - Downloading http://repo.maven.apache.org/maven2/org/springframework/spring-expression/4.1.7.RELEASE/spring-expression-4.1.7.RELEASE.pom
2015-08-10 13:14:46,018 [Worker-10] INFO  o.e.m.c.i.e.AbstractTransferListenerAdapter - Downloaded http://repo.maven.apache.org/maven2/org/springframework/spring-expression/4.1.7.RELEASE/spring-expression-4.1.7.RELEASE.pom
2015-08-10 13:14:46,086 [Worker-10] INFO  o.e.m.c.i.e.AbstractTransferListenerAdapter - Downloading http://repo.maven.apache.org/maven2/org/springframework/boot/spring-boot-autoconfigure/1.2.5.RELEASE/spring-boot-autoconfigure-1.2.5.RELEASE.pom
2015-08-10 13:14:46,188 [Worker-10] INFO  o.e.m.c.i.e.AbstractTransferListenerAdapter - Downloaded http://repo.maven.apache.org/maven2/org/springframework/boot/spring-boot-autoconfigure/1.2.5.RELEASE/spring-boot-autoconfigure-1.2.5.RELEASE.pom
2015-08-10 13:14:46,273 [Worker-10] INFO  o.e.m.c.i.e.AbstractTransferListenerAdapter - Downloading http://repo.maven.apache.org/maven2/org/springframework/boot/spring-boot-starter-logging/1.2.5.RELEASE/spring-boot-starter-logging-1.2.5.RELEASE.pom
2015-08-10 13:14:46,668 [Worker-10] INFO  o.e.m.c.i.e.AbstractTransferListenerAdapter - Downloaded http://repo.maven.apache.org/maven2/org/springframework/boot/spring-boot-starter-logging/1.2.5.RELEASE/spring-boot-starter-logging-1.2.5.RELEASE.pom
2015-08-10 13:14:46,773 [Worker-10] INFO  o.e.m.c.i.e.AbstractTransferListenerAdapter - Downloading http://repo.maven.apache.org/maven2/org/slf4j/jcl-over-slf4j/1.7.12/jcl-over-slf4j-1.7.12.pom
2015-08-10 13:14:46,900 [Worker-10] INFO  o.e.m.c.i.e.AbstractTransferListenerAdapter - Downloaded http://repo.maven.apache.org/maven2/org/slf4j/jcl-over-slf4j/1.7.12/jcl-over-slf4j-1.7.12.pom
2015-08-10 13:14:46,989 [Worker-10] INFO  o.e.m.c.i.e.AbstractTransferListenerAdapter - Downloading http://repo.maven.apache.org/maven2/org/slf4j/jul-to-slf4j/1.7.12/jul-to-slf4j-1.7.12.pom
2015-08-10 13:14:47,131 [Worker-10] INFO  o.e.m.c.i.e.AbstractTransferListenerAdapter - Downloaded http://repo.maven.apache.org/maven2/org/slf4j/jul-to-slf4j/1.7.12/jul-to-slf4j-1.7.12.pom
2015-08-10 13:14:47,214 [Worker-10] INFO  o.e.m.c.i.e.AbstractTransferListenerAdapter - Downloading http://repo.maven.apache.org/maven2/org/slf4j/log4j-over-slf4j/1.7.12/log4j-over-slf4j-1.7.12.pom
2015-08-10 13:14:51,640 [Worker-10] INFO  o.e.m.c.i.e.AbstractTransferListenerAdapter - Downloaded http://repo.maven.apache.org/maven2/org/slf4j/log4j-over-slf4j/1.7.12/log4j-over-slf4j-1.7.12.pom
2015-08-10 13:14:51,728 [Worker-10] INFO  o.e.m.c.i.e.AbstractTransferListenerAdapter - Downloading http://repo.maven.apache.org/maven2/org/springframework/boot/spring-boot-starter-tomcat/1.2.5.RELEASE/spring-boot-starter-tomcat-1.2.5.RELEASE.pom
2015-08-10 13:14:51,921 [Worker-10] INFO  o.e.m.c.i.e.AbstractTransferListenerAdapter - Downloaded http://repo.maven.apache.org/maven2/org/springframework/boot/spring-boot-starter-tomcat/1.2.5.RELEASE/spring-boot-starter-tomcat-1.2.5.RELEASE.pom
2015-08-10 13:14:52,010 [Worker-10] INFO  o.e.m.c.i.e.AbstractTransferListenerAdapter - Downloading http://repo.maven.apache.org/maven2/org/apache/tomcat/embed/tomcat-embed-core/8.0.23/tomcat-embed-core-8.0.23.pom
2015-08-10 13:14:52,145 [Worker-10] INFO  o.e.m.c.i.e.AbstractTransferListenerAdapter - Downloaded http://repo.maven.apache.org/maven2/org/apache/tomcat/embed/tomcat-embed-core/8.0.23/tomcat-embed-core-8.0.23.pom
2015-08-10 13:14:52,235 [Worker-10] INFO  o.e.m.c.i.e.AbstractTransferListenerAdapter - Downloading http://repo.maven.apache.org/maven2/org/apache/tomcat/embed/tomcat-embed-el/8.0.23/tomcat-embed-el-8.0.23.pom
2015-08-10 13:14:52,367 [Worker-10] INFO  o.e.m.c.i.e.AbstractTransferListenerAdapter - Downloaded http://repo.maven.apache.org/maven2/org/apache/tomcat/embed/tomcat-embed-el/8.0.23/tomcat-embed-el-8.0.23.pom
2015-08-10 13:14:52,432 [Worker-10] INFO  o.e.m.c.i.e.AbstractTransferListenerAdapter - Downloading http://repo.maven.apache.org/maven2/org/apache/tomcat/embed/tomcat-embed-logging-juli/8.0.23/tomcat-embed-logging-juli-8.0.23.pom
2015-08-10 13:14:52,576 [Worker-10] INFO  o.e.m.c.i.e.AbstractTransferListenerAdapter - Downloaded http://repo.maven.apache.org/maven2/org/apache/tomcat/embed/tomcat-embed-logging-juli/8.0.23/tomcat-embed-logging-juli-8.0.23.pom
2015-08-10 13:14:52,645 [Worker-10] INFO  o.e.m.c.i.e.AbstractTransferListenerAdapter - Downloading http://repo.maven.apache.org/maven2/org/apache/tomcat/embed/tomcat-embed-websocket/8.0.23/tomcat-embed-websocket-8.0.23.pom
2015-08-10 13:14:52,755 [Worker-10] INFO  o.e.m.c.i.e.AbstractTransferListenerAdapter - Downloaded http://repo.maven.apache.org/maven2/org/apache/tomcat/embed/tomcat-embed-websocket/8.0.23/tomcat-embed-websocket-8.0.23.pom
2015-08-10 13:14:52,831 [Worker-10] INFO  o.e.m.c.i.e.AbstractTransferListenerAdapter - Downloading http://repo.maven.apache.org/maven2/com/fasterxml/jackson/core/jackson-databind/2.4.6/jackson-databind-2.4.6.pom
2015-08-10 13:14:53,094 [Worker-10] INFO  o.e.m.c.i.e.AbstractTransferListenerAdapter - Downloaded http://repo.maven.apache.org/maven2/com/fasterxml/jackson/core/jackson-databind/2.4.6/jackson-databind-2.4.6.pom
2015-08-10 13:14:53,176 [Worker-10] INFO  o.e.m.c.i.e.AbstractTransferListenerAdapter - Downloading http://repo.maven.apache.org/maven2/com/fasterxml/jackson/core/jackson-annotations/2.4.6/jackson-annotations-2.4.6.pom
2015-08-10 13:14:53,311 [Worker-10] INFO  o.e.m.c.i.e.AbstractTransferListenerAdapter - Downloaded http://repo.maven.apache.org/maven2/com/fasterxml/jackson/core/jackson-annotations/2.4.6/jackson-annotations-2.4.6.pom
2015-08-10 13:14:53,396 [Worker-10] INFO  o.e.m.c.i.e.AbstractTransferListenerAdapter - Downloading http://repo.maven.apache.org/maven2/com/fasterxml/jackson/core/jackson-core/2.4.6/jackson-core-2.4.6.pom
2015-08-10 13:14:53,619 [Worker-10] INFO  o.e.m.c.i.e.AbstractTransferListenerAdapter - Downloaded http://repo.maven.apache.org/maven2/com/fasterxml/jackson/core/jackson-core/2.4.6/jackson-core-2.4.6.pom
2015-08-10 13:14:53,725 [Worker-10] INFO  o.e.m.c.i.e.AbstractTransferListenerAdapter - Downloading http://repo.maven.apache.org/maven2/org/springframework/spring-web/4.1.7.RELEASE/spring-web-4.1.7.RELEASE.pom
2015-08-10 13:14:54,011 [Worker-10] INFO  o.e.m.c.i.e.AbstractTransferListenerAdapter - Downloaded http://repo.maven.apache.org/maven2/org/springframework/spring-web/4.1.7.RELEASE/spring-web-4.1.7.RELEASE.pom
2015-08-10 13:14:54,096 [Worker-10] INFO  o.e.m.c.i.e.AbstractTransferListenerAdapter - Downloading http://repo.maven.apache.org/maven2/org/springframework/spring-webmvc/4.1.7.RELEASE/spring-webmvc-4.1.7.RELEASE.pom
2015-08-10 13:14:54,405 [Worker-10] INFO  o.e.m.c.i.e.AbstractTransferListenerAdapter - Downloaded http://repo.maven.apache.org/maven2/org/springframework/spring-webmvc/4.1.7.RELEASE/spring-webmvc-4.1.7.RELEASE.pom
2015-08-10 13:14:54,473 [Worker-10] INFO  o.e.m.c.i.e.AbstractTransferListenerAdapter - Downloading http://repo.maven.apache.org/maven2/org/springframework/boot/spring-boot-starter-websocket/1.2.5.RELEASE/spring-boot-starter-websocket-1.2.5.RELEASE.pom
2015-08-10 13:14:54,942 [Worker-10] INFO  o.e.m.c.i.e.AbstractTransferListenerAdapter - Downloaded http://repo.maven.apache.org/maven2/org/springframework/boot/spring-boot-starter-websocket/1.2.5.RELEASE/spring-boot-starter-websocket-1.2.5.RELEASE.pom
2015-08-10 13:14:55,036 [Worker-10] INFO  o.e.m.c.i.e.AbstractTransferListenerAdapter - Downloading http://repo.maven.apache.org/maven2/org/springframework/spring-messaging/4.1.7.RELEASE/spring-messaging-4.1.7.RELEASE.pom
2015-08-10 13:14:55,231 [Worker-10] INFO  o.e.m.c.i.e.AbstractTransferListenerAdapter - Downloaded http://repo.maven.apache.org/maven2/org/springframework/spring-messaging/4.1.7.RELEASE/spring-messaging-4.1.7.RELEASE.pom
2015-08-10 13:14:55,325 [Worker-10] INFO  o.e.m.c.i.e.AbstractTransferListenerAdapter - Downloading http://repo.maven.apache.org/maven2/org/springframework/spring-websocket/4.1.7.RELEASE/spring-websocket-4.1.7.RELEASE.pom
2015-08-10 13:14:55,528 [Worker-10] INFO  o.e.m.c.i.e.AbstractTransferListenerAdapter - Downloaded http://repo.maven.apache.org/maven2/org/springframework/spring-websocket/4.1.7.RELEASE/spring-websocket-4.1.7.RELEASE.pom
2015-08-10 13:14:55,598 [Worker-10] INFO  o.e.m.c.i.e.AbstractTransferListenerAdapter - Downloading http://repo.maven.apache.org/maven2/org/springframework/boot/spring-boot-starter-test/1.2.5.RELEASE/spring-boot-starter-test-1.2.5.RELEASE.pom
2015-08-10 13:14:55,738 [Worker-10] INFO  o.e.m.c.i.e.AbstractTransferListenerAdapter - Downloaded http://repo.maven.apache.org/maven2/org/springframework/boot/spring-boot-starter-test/1.2.5.RELEASE/spring-boot-starter-test-1.2.5.RELEASE.pom
2015-08-10 13:14:55,820 [Worker-10] INFO  o.e.m.c.i.e.AbstractTransferListenerAdapter - Downloading http://repo.maven.apache.org/maven2/org/mockito/mockito-core/1.10.19/mockito-core-1.10.19.pom
2015-08-10 13:14:55,945 [Worker-10] INFO  o.e.m.c.i.e.AbstractTransferListenerAdapter - Downloaded http://repo.maven.apache.org/maven2/org/mockito/mockito-core/1.10.19/mockito-core-1.10.19.pom
2015-08-10 13:14:55,994 [Worker-10] INFO  o.e.m.c.i.e.AbstractTransferListenerAdapter - Downloading http://repo.maven.apache.org/maven2/org/objenesis/objenesis/2.1/objenesis-2.1.pom
2015-08-10 13:14:56,075 [Worker-10] INFO  o.e.m.c.i.e.AbstractTransferListenerAdapter - Downloaded http://repo.maven.apache.org/maven2/org/objenesis/objenesis/2.1/objenesis-2.1.pom
2015-08-10 13:14:56,118 [Worker-10] INFO  o.e.m.c.i.e.AbstractTransferListenerAdapter - Downloading http://repo.maven.apache.org/maven2/org/objenesis/objenesis-parent/2.1/objenesis-parent-2.1.pom
2015-08-10 13:14:56,307 [Worker-10] INFO  o.e.m.c.i.e.AbstractTransferListenerAdapter - Downloaded http://repo.maven.apache.org/maven2/org/objenesis/objenesis-parent/2.1/objenesis-parent-2.1.pom
2015-08-10 13:14:56,361 [Worker-10] INFO  o.e.m.c.i.e.AbstractTransferListenerAdapter - Downloading http://repo.maven.apache.org/maven2/org/springframework/spring-test/4.1.7.RELEASE/spring-test-4.1.7.RELEASE.pom
2015-08-10 13:14:56,485 [Worker-10] INFO  o.e.m.c.i.e.AbstractTransferListenerAdapter - Downloaded http://repo.maven.apache.org/maven2/org/springframework/spring-test/4.1.7.RELEASE/spring-test-4.1.7.RELEASE.pom
2015-08-10 13:14:56,557 [Worker-10] INFO  o.e.m.c.i.e.AbstractTransferListenerAdapter - Downloading http://repo.maven.apache.org/maven2/org/springframework/boot/spring-boot-starter-web/1.2.5.RELEASE/spring-boot-starter-web-1.2.5.RELEASE.jar
2015-08-10 13:14:56,629 [Worker-10] INFO  o.e.m.c.i.e.AbstractTransferListenerAdapter - Downloaded http://repo.maven.apache.org/maven2/org/springframework/boot/spring-boot-starter-web/1.2.5.RELEASE/spring-boot-starter-web-1.2.5.RELEASE.jar
2015-08-10 13:14:56,661 [Worker-10] INFO  o.e.m.c.i.e.AbstractTransferListenerAdapter - Downloading http://repo.maven.apache.org/maven2/org/springframework/boot/spring-boot-starter/1.2.5.RELEASE/spring-boot-starter-1.2.5.RELEASE.jar
2015-08-10 13:14:56,727 [Worker-10] INFO  o.e.m.c.i.e.AbstractTransferListenerAdapter - Downloaded http://repo.maven.apache.org/maven2/org/springframework/boot/spring-boot-starter/1.2.5.RELEASE/spring-boot-starter-1.2.5.RELEASE.jar
2015-08-10 13:14:56,758 [Worker-10] INFO  o.e.m.c.i.e.AbstractTransferListenerAdapter - Downloading http://repo.maven.apache.org/maven2/org/springframework/boot/spring-boot/1.2.5.RELEASE/spring-boot-1.2.5.RELEASE.jar
2015-08-10 13:14:58,340 [Worker-10] INFO  o.e.m.c.i.e.AbstractTransferListenerAdapter - Downloaded http://repo.maven.apache.org/maven2/org/springframework/boot/spring-boot/1.2.5.RELEASE/spring-boot-1.2.5.RELEASE.jar
2015-08-10 13:14:58,372 [Worker-10] INFO  o.e.m.c.i.e.AbstractTransferListenerAdapter - Downloading http://repo.maven.apache.org/maven2/org/springframework/boot/spring-boot-autoconfigure/1.2.5.RELEASE/spring-boot-autoconfigure-1.2.5.RELEASE.jar
2015-08-10 13:14:59,236 [Worker-10] INFO  o.e.m.c.i.e.AbstractTransferListenerAdapter - Downloaded http://repo.maven.apache.org/maven2/org/springframework/boot/spring-boot-autoconfigure/1.2.5.RELEASE/spring-boot-autoconfigure-1.2.5.RELEASE.jar
2015-08-10 13:14:59,268 [Worker-10] INFO  o.e.m.c.i.e.AbstractTransferListenerAdapter - Downloading http://repo.maven.apache.org/maven2/org/springframework/boot/spring-boot-starter-logging/1.2.5.RELEASE/spring-boot-starter-logging-1.2.5.RELEASE.jar
2015-08-10 13:14:59,333 [Worker-10] INFO  o.e.m.c.i.e.AbstractTransferListenerAdapter - Downloaded http://repo.maven.apache.org/maven2/org/springframework/boot/spring-boot-starter-logging/1.2.5.RELEASE/spring-boot-starter-logging-1.2.5.RELEASE.jar
2015-08-10 13:14:59,365 [Worker-10] INFO  o.e.m.c.i.e.AbstractTransferListenerAdapter - Downloading http://repo.maven.apache.org/maven2/org/slf4j/jcl-over-slf4j/1.7.12/jcl-over-slf4j-1.7.12.jar
2015-08-10 13:14:59,436 [Worker-10] INFO  o.e.m.c.i.e.AbstractTransferListenerAdapter - Downloaded http://repo.maven.apache.org/maven2/org/slf4j/jcl-over-slf4j/1.7.12/jcl-over-slf4j-1.7.12.jar
2015-08-10 13:14:59,469 [Worker-10] INFO  o.e.m.c.i.e.AbstractTransferListenerAdapter - Downloading http://repo.maven.apache.org/maven2/org/slf4j/jul-to-slf4j/1.7.12/jul-to-slf4j-1.7.12.jar
2015-08-10 13:14:59,535 [Worker-10] INFO  o.e.m.c.i.e.AbstractTransferListenerAdapter - Downloaded http://repo.maven.apache.org/maven2/org/slf4j/jul-to-slf4j/1.7.12/jul-to-slf4j-1.7.12.jar
2015-08-10 13:14:59,567 [Worker-10] INFO  o.e.m.c.i.e.AbstractTransferListenerAdapter - Downloading http://repo.maven.apache.org/maven2/org/slf4j/log4j-over-slf4j/1.7.12/log4j-over-slf4j-1.7.12.jar
2015-08-10 13:14:59,667 [Worker-10] INFO  o.e.m.c.i.e.AbstractTransferListenerAdapter - Downloaded http://repo.maven.apache.org/maven2/org/slf4j/log4j-over-slf4j/1.7.12/log4j-over-slf4j-1.7.12.jar
2015-08-10 13:14:59,699 [Worker-10] INFO  o.e.m.c.i.e.AbstractTransferListenerAdapter - Downloading http://repo.maven.apache.org/maven2/org/springframework/boot/spring-boot-starter-tomcat/1.2.5.RELEASE/spring-boot-starter-tomcat-1.2.5.RELEASE.jar
2015-08-10 13:14:59,764 [Worker-10] INFO  o.e.m.c.i.e.AbstractTransferListenerAdapter - Downloaded http://repo.maven.apache.org/maven2/org/springframework/boot/spring-boot-starter-tomcat/1.2.5.RELEASE/spring-boot-starter-tomcat-1.2.5.RELEASE.jar
2015-08-10 13:14:59,796 [Worker-10] INFO  o.e.m.c.i.e.AbstractTransferListenerAdapter - Downloading http://repo.maven.apache.org/maven2/org/apache/tomcat/embed/tomcat-embed-core/8.0.23/tomcat-embed-core-8.0.23.jar
2015-08-10 13:15:02,281 [Worker-10] INFO  o.e.m.c.i.e.AbstractTransferListenerAdapter - Downloaded http://repo.maven.apache.org/maven2/org/apache/tomcat/embed/tomcat-embed-core/8.0.23/tomcat-embed-core-8.0.23.jar
2015-08-10 13:15:02,313 [Worker-10] INFO  o.e.m.c.i.e.AbstractTransferListenerAdapter - Downloading http://repo.maven.apache.org/maven2/org/apache/tomcat/embed/tomcat-embed-el/8.0.23/tomcat-embed-el-8.0.23.jar
2015-08-10 13:15:02,484 [Worker-10] INFO  o.e.m.c.i.e.AbstractTransferListenerAdapter - Downloaded http://repo.maven.apache.org/maven2/org/apache/tomcat/embed/tomcat-embed-el/8.0.23/tomcat-embed-el-8.0.23.jar
2015-08-10 13:15:02,516 [Worker-10] INFO  o.e.m.c.i.e.AbstractTransferListenerAdapter - Downloading http://repo.maven.apache.org/maven2/org/apache/tomcat/embed/tomcat-embed-logging-juli/8.0.23/tomcat-embed-logging-juli-8.0.23.jar
2015-08-10 13:15:02,593 [Worker-10] INFO  o.e.m.c.i.e.AbstractTransferListenerAdapter - Downloaded http://repo.maven.apache.org/maven2/org/apache/tomcat/embed/tomcat-embed-logging-juli/8.0.23/tomcat-embed-logging-juli-8.0.23.jar
2015-08-10 13:15:02,625 [Worker-10] INFO  o.e.m.c.i.e.AbstractTransferListenerAdapter - Downloading http://repo.maven.apache.org/maven2/org/apache/tomcat/embed/tomcat-embed-websocket/8.0.23/tomcat-embed-websocket-8.0.23.jar
2015-08-10 13:15:02,805 [Worker-10] INFO  o.e.m.c.i.e.AbstractTransferListenerAdapter - Downloaded http://repo.maven.apache.org/maven2/org/apache/tomcat/embed/tomcat-embed-websocket/8.0.23/tomcat-embed-websocket-8.0.23.jar
2015-08-10 13:15:02,837 [Worker-10] INFO  o.e.m.c.i.e.AbstractTransferListenerAdapter - Downloading http://repo.maven.apache.org/maven2/com/fasterxml/jackson/core/jackson-databind/2.4.6/jackson-databind-2.4.6.jar
2015-08-10 13:15:03,321 [Worker-10] INFO  o.e.m.c.i.e.AbstractTransferListenerAdapter - Downloaded http://repo.maven.apache.org/maven2/com/fasterxml/jackson/core/jackson-databind/2.4.6/jackson-databind-2.4.6.jar
2015-08-10 13:15:03,354 [Worker-10] INFO  o.e.m.c.i.e.AbstractTransferListenerAdapter - Downloading http://repo.maven.apache.org/maven2/com/fasterxml/jackson/core/jackson-annotations/2.4.6/jackson-annotations-2.4.6.jar
2015-08-10 13:15:03,429 [Worker-10] INFO  o.e.m.c.i.e.AbstractTransferListenerAdapter - Downloaded http://repo.maven.apache.org/maven2/com/fasterxml/jackson/core/jackson-annotations/2.4.6/jackson-annotations-2.4.6.jar
2015-08-10 13:15:03,462 [Worker-10] INFO  o.e.m.c.i.e.AbstractTransferListenerAdapter - Downloading http://repo.maven.apache.org/maven2/com/fasterxml/jackson/core/jackson-core/2.4.6/jackson-core-2.4.6.jar
2015-08-10 13:15:03,612 [Worker-10] INFO  o.e.m.c.i.e.AbstractTransferListenerAdapter - Downloaded http://repo.maven.apache.org/maven2/com/fasterxml/jackson/core/jackson-core/2.4.6/jackson-core-2.4.6.jar
2015-08-10 13:15:03,644 [Worker-10] INFO  o.e.m.c.i.e.AbstractTransferListenerAdapter - Downloading http://repo.maven.apache.org/maven2/org/springframework/spring-core/4.1.7.RELEASE/spring-core-4.1.7.RELEASE.jar
2015-08-10 13:15:04,114 [Worker-10] INFO  o.e.m.c.i.e.AbstractTransferListenerAdapter - Downloaded http://repo.maven.apache.org/maven2/org/springframework/spring-core/4.1.7.RELEASE/spring-core-4.1.7.RELEASE.jar
2015-08-10 13:15:04,146 [Worker-10] INFO  o.e.m.c.i.e.AbstractTransferListenerAdapter - Downloading http://repo.maven.apache.org/maven2/org/springframework/spring-web/4.1.7.RELEASE/spring-web-4.1.7.RELEASE.jar
2015-08-10 13:15:04,542 [Worker-10] INFO  o.e.m.c.i.e.AbstractTransferListenerAdapter - Downloaded http://repo.maven.apache.org/maven2/org/springframework/spring-web/4.1.7.RELEASE/spring-web-4.1.7.RELEASE.jar
2015-08-10 13:15:04,574 [Worker-10] INFO  o.e.m.c.i.e.AbstractTransferListenerAdapter - Downloading http://repo.maven.apache.org/maven2/org/springframework/spring-aop/4.1.7.RELEASE/spring-aop-4.1.7.RELEASE.jar
2015-08-10 13:15:04,811 [Worker-10] INFO  o.e.m.c.i.e.AbstractTransferListenerAdapter - Downloaded http://repo.maven.apache.org/maven2/org/springframework/spring-aop/4.1.7.RELEASE/spring-aop-4.1.7.RELEASE.jar
2015-08-10 13:15:04,844 [Worker-10] INFO  o.e.m.c.i.e.AbstractTransferListenerAdapter - Downloading http://repo.maven.apache.org/maven2/org/springframework/spring-beans/4.1.7.RELEASE/spring-beans-4.1.7.RELEASE.jar
2015-08-10 13:15:05,272 [Worker-10] INFO  o.e.m.c.i.e.AbstractTransferListenerAdapter - Downloaded http://repo.maven.apache.org/maven2/org/springframework/spring-beans/4.1.7.RELEASE/spring-beans-4.1.7.RELEASE.jar
2015-08-10 13:15:05,305 [Worker-10] INFO  o.e.m.c.i.e.AbstractTransferListenerAdapter - Downloading http://repo.maven.apache.org/maven2/org/springframework/spring-context/4.1.7.RELEASE/spring-context-4.1.7.RELEASE.jar
2015-08-10 13:15:05,850 [Worker-10] INFO  o.e.m.c.i.e.AbstractTransferListenerAdapter - Downloaded http://repo.maven.apache.org/maven2/org/springframework/spring-context/4.1.7.RELEASE/spring-context-4.1.7.RELEASE.jar
2015-08-10 13:15:05,884 [Worker-10] INFO  o.e.m.c.i.e.AbstractTransferListenerAdapter - Downloading http://repo.maven.apache.org/maven2/org/springframework/spring-webmvc/4.1.7.RELEASE/spring-webmvc-4.1.7.RELEASE.jar
2015-08-10 13:15:06,304 [Worker-10] INFO  o.e.m.c.i.e.AbstractTransferListenerAdapter - Downloaded http://repo.maven.apache.org/maven2/org/springframework/spring-webmvc/4.1.7.RELEASE/spring-webmvc-4.1.7.RELEASE.jar
2015-08-10 13:15:06,336 [Worker-10] INFO  o.e.m.c.i.e.AbstractTransferListenerAdapter - Downloading http://repo.maven.apache.org/maven2/org/springframework/spring-expression/4.1.7.RELEASE/spring-expression-4.1.7.RELEASE.jar
2015-08-10 13:15:06,516 [Worker-10] INFO  o.e.m.c.i.e.AbstractTransferListenerAdapter - Downloaded http://repo.maven.apache.org/maven2/org/springframework/spring-expression/4.1.7.RELEASE/spring-expression-4.1.7.RELEASE.jar
2015-08-10 13:15:06,550 [Worker-10] INFO  o.e.m.c.i.e.AbstractTransferListenerAdapter - Downloading http://repo.maven.apache.org/maven2/org/springframework/boot/spring-boot-starter-websocket/1.2.5.RELEASE/spring-boot-starter-websocket-1.2.5.RELEASE.jar
2015-08-10 13:15:06,623 [Worker-10] INFO  o.e.m.c.i.e.AbstractTransferListenerAdapter - Downloaded http://repo.maven.apache.org/maven2/org/springframework/boot/spring-boot-starter-websocket/1.2.5.RELEASE/spring-boot-starter-websocket-1.2.5.RELEASE.jar
2015-08-10 13:15:06,656 [Worker-10] INFO  o.e.m.c.i.e.AbstractTransferListenerAdapter - Downloading http://repo.maven.apache.org/maven2/org/springframework/spring-messaging/4.1.7.RELEASE/spring-messaging-4.1.7.RELEASE.jar
2015-08-10 13:15:06,858 [Worker-10] INFO  o.e.m.c.i.e.AbstractTransferListenerAdapter - Downloaded http://repo.maven.apache.org/maven2/org/springframework/spring-messaging/4.1.7.RELEASE/spring-messaging-4.1.7.RELEASE.jar
2015-08-10 13:15:06,894 [Worker-10] INFO  o.e.m.c.i.e.AbstractTransferListenerAdapter - Downloading http://repo.maven.apache.org/maven2/org/springframework/spring-websocket/4.1.7.RELEASE/spring-websocket-4.1.7.RELEASE.jar
2015-08-10 13:15:07,163 [Worker-10] INFO  o.e.m.c.i.e.AbstractTransferListenerAdapter - Downloaded http://repo.maven.apache.org/maven2/org/springframework/spring-websocket/4.1.7.RELEASE/spring-websocket-4.1.7.RELEASE.jar
2015-08-10 13:15:07,195 [Worker-10] INFO  o.e.m.c.i.e.AbstractTransferListenerAdapter - Downloading http://repo.maven.apache.org/maven2/org/springframework/boot/spring-boot-starter-test/1.2.5.RELEASE/spring-boot-starter-test-1.2.5.RELEASE.jar
2015-08-10 13:15:07,264 [Worker-10] INFO  o.e.m.c.i.e.AbstractTransferListenerAdapter - Downloaded http://repo.maven.apache.org/maven2/org/springframework/boot/spring-boot-starter-test/1.2.5.RELEASE/spring-boot-starter-test-1.2.5.RELEASE.jar
2015-08-10 13:15:07,296 [Worker-10] INFO  o.e.m.c.i.e.AbstractTransferListenerAdapter - Downloading http://repo.maven.apache.org/maven2/org/mockito/mockito-core/1.10.19/mockito-core-1.10.19.jar
2015-08-10 13:15:07,892 [Worker-10] INFO  o.e.m.c.i.e.AbstractTransferListenerAdapter - Downloaded http://repo.maven.apache.org/maven2/org/mockito/mockito-core/1.10.19/mockito-core-1.10.19.jar
2015-08-10 13:15:07,925 [Worker-10] INFO  o.e.m.c.i.e.AbstractTransferListenerAdapter - Downloading http://repo.maven.apache.org/maven2/org/objenesis/objenesis/2.1/objenesis-2.1.jar
2015-08-10 13:15:07,998 [Worker-10] INFO  o.e.m.c.i.e.AbstractTransferListenerAdapter - Downloaded http://repo.maven.apache.org/maven2/org/objenesis/objenesis/2.1/objenesis-2.1.jar
2015-08-10 13:15:08,032 [Worker-10] INFO  o.e.m.c.i.e.AbstractTransferListenerAdapter - Downloading http://repo.maven.apache.org/maven2/org/springframework/spring-test/4.1.7.RELEASE/spring-test-4.1.7.RELEASE.jar
2015-08-10 13:15:08,313 [Worker-10] INFO  o.e.m.c.i.e.AbstractTransferListenerAdapter - Downloaded http://repo.maven.apache.org/maven2/org/springframework/spring-test/4.1.7.RELEASE/spring-test-4.1.7.RELEASE.jar
2015-08-10 13:15:09,436 [Worker-5] INFO  o.e.m.c.i.embedder.EclipseLogger - Using 'UTF-8' encoding to copy filtered resources.
2015-08-10 13:15:09,445 [Worker-5] INFO  o.e.m.c.i.embedder.EclipseLogger - Copying 1 resource
2015-08-10 13:15:09,462 [Worker-5] INFO  o.e.m.c.i.embedder.EclipseLogger - Copying 0 resource
2015-08-10 13:15:09,468 [Worker-5] INFO  o.e.m.c.i.embedder.EclipseLogger - Using 'UTF-8' encoding to copy filtered resources.
2015-08-10 13:15:09,468 [Worker-5] INFO  o.e.m.c.i.embedder.EclipseLogger - skip non existing resourceDirectory /home/wtrocki/Desktop/Task/AndroidSandbox/server/TicTacToe/src/test/resources
2015-08-10 13:15:10,180 [Worker-10] INFO  o.e.m.j.i.AbstractJavaProjectConfigurator - Adding source folder /TicTacToe/src/main/java
2015-08-10 13:15:10,181 [Worker-10] INFO  o.e.m.j.i.AbstractJavaProjectConfigurator - Adding resource folder /TicTacToe/src/main/resources
2015-08-10 13:15:10,189 [Worker-10] INFO  o.e.m.j.i.AbstractJavaProjectConfigurator - Adding resource folder /TicTacToe/src/main/resources
2015-08-10 13:15:10,205 [Worker-10] INFO  o.e.m.j.i.AbstractJavaProjectConfigurator - Adding source folder /TicTacToe/src/test/java
2015-08-10 13:15:11,911 [Worker-10] INFO  o.e.m.c.i.p.ProjectConfigurationManager - Imported and configured 1 project(s) in 30 sec
2015-08-10 13:15:11,926 [Worker-10] INFO  o.e.m.c.i.p.ProjectConfigurationManager - Update started
2015-08-10 13:15:12,150 [Worker-23] INFO  o.e.m.c.i.l.LifecycleMappingFactory - Using org.eclipse.m2e.jdt.JarLifecycleMapping lifecycle mapping for MavenProject: com.metawired:tictactoe:0.0.1-SNAPSHOT @ /home/wtrocki/Desktop/Task/AndroidSandbox/server/TicTacToe/pom.xml.
2015-08-10 13:15:12,482 [Worker-23] INFO  o.e.m.c.i.embedder.EclipseLogger - Using 'UTF-8' encoding to copy filtered resources.
2015-08-10 13:15:12,489 [Worker-23] INFO  o.e.m.c.i.embedder.EclipseLogger - Copying 1 resource
2015-08-10 13:15:12,493 [Worker-23] INFO  o.e.m.c.i.embedder.EclipseLogger - Copying 0 resource
2015-08-10 13:15:12,509 [Worker-23] INFO  o.e.m.c.i.embedder.EclipseLogger - Using 'UTF-8' encoding to copy filtered resources.
2015-08-10 13:15:12,510 [Worker-23] INFO  o.e.m.c.i.embedder.EclipseLogger - skip non existing resourceDirectory /home/wtrocki/Desktop/Task/AndroidSandbox/server/TicTacToe/src/test/resources
2015-08-10 13:15:13,166 [Worker-10] INFO  o.e.m.c.i.l.LifecycleMappingFactory - Using org.eclipse.m2e.jdt.JarLifecycleMapping lifecycle mapping for MavenProject: com.metawired:tictactoe:0.0.1-SNAPSHOT @ /home/wtrocki/Desktop/Task/AndroidSandbox/server/TicTacToe/pom.xml.
2015-08-10 13:15:13,593 [Worker-10] INFO  o.e.m.j.i.AbstractJavaProjectConfigurator - Adding source folder /TicTacToe/src/main/java
2015-08-10 13:15:13,593 [Worker-10] INFO  o.e.m.j.i.AbstractJavaProjectConfigurator - Adding resource folder /TicTacToe/src/main/resources
2015-08-10 13:15:13,597 [Worker-10] INFO  o.e.m.j.i.AbstractJavaProjectConfigurator - Adding resource folder /TicTacToe/src/main/resources
2015-08-10 13:15:13,605 [Worker-10] INFO  o.e.m.j.i.AbstractJavaProjectConfigurator - Adding source folder /TicTacToe/src/test/java
2015-08-10 13:15:13,839 [Worker-10] INFO  o.e.m.c.i.l.LifecycleMappingFactory - Using org.eclipse.m2e.jdt.JarLifecycleMapping lifecycle mapping for MavenProject: com.metawired:tictactoe:0.0.1-SNAPSHOT @ /home/wtrocki/Desktop/Task/AndroidSandbox/server/TicTacToe/pom.xml.
2015-08-10 13:15:13,936 [Worker-10] INFO  o.e.m.c.i.p.ProjectConfigurationManager - Update completed: 2 sec
2015-08-10 13:15:14,424 [Worker-25] INFO  o.e.m.c.i.embedder.EclipseLogger - Using 'UTF-8' encoding to copy filtered resources.
2015-08-10 13:15:14,425 [Worker-25] INFO  o.e.m.c.i.embedder.EclipseLogger - Copying 1 resource
2015-08-10 13:15:14,429 [Worker-25] INFO  o.e.m.c.i.embedder.EclipseLogger - Copying 0 resource
2015-08-10 13:15:14,433 [Worker-25] INFO  o.e.m.c.i.embedder.EclipseLogger - Using 'UTF-8' encoding to copy filtered resources.
2015-08-10 13:15:14,433 [Worker-25] INFO  o.e.m.c.i.embedder.EclipseLogger - skip non existing resourceDirectory /home/wtrocki/Desktop/Task/AndroidSandbox/server/TicTacToe/src/test/resources
